dh_update_autotools_config
override_dh_auto_configure dh_auto_configure
dh_auto_configure
dh_auto_build
dh_auto_test
dh_prep
override_dh_auto_install dh_auto_install
dh_auto_install
dh_install
dh_installdocs
dh_installchangelogs
dh_installman
dh_installinfo
override_dh_systemd_enable dh_systemd_enable
dh_systemd_enable
override_dh_installinit dh_installinit
dh_installinit
dh_systemd_start
dh_lintian
dh_perl
dh_link
dh_strip_nondeterminism
dh_compress
dh_fixperms
dh_strip
dh_makeshlibs
dh_shlibdeps
dh_installdeb
override_dh_gencontrol dh_gencontrol
dh_gencontrol
dh_md5sums
dh_builddeb
dh_builddeb
dh_builddeb
dh_builddeb
